Arguments: 
  C:\Program Files\nodejs\node.exe C:\Program Files (x86)\Yarn\bin\yarn.js install

PATH: 
  C:\Program Files (x86)\Intel\iCLS Client\;C:\Program Files\Intel\iCLS Client\;C:\windows\system32;C:\windows;C:\windows\System32\Wbem;C:\windows\System32\WindowsPowerShell\v1.0\;C:\Program Files (x86)\Intel\Intel(R) Management Engine Components\DAL;C:\Program Files\Intel\Intel(R) Management Engine Components\DAL;C:\Program Files (x86)\Intel\Intel(R) Management Engine Components\IPT;C:\Program Files\Intel\Intel(R) Management Engine Components\IPT;C:\Program Files (x86)\NVIDIA Corporation\PhysX\Common;c:\Program Files\Intel\WiFi\bin\;c:\Program Files\Common Files\Intel\WirelessCommon\;C:\Program Files\Calibre2\;C:\Program Files\nodejs\;C:\Program Files (x86)\Yarn\bin;C:\Ruby22-x64\bin;C:\Ruby24-x64\bin;C:\Users\jtanz\AppData\Local\Programs\Python\Python36\Scripts\;C:\Users\jtanz\AppData\Local\Programs\Python\Python36\;C:\Users\jtanz\AppData\Local\Microsoft\WindowsApps;C:\Users\jtanz\AppData\Local\atom\bin;C:\Users\jtanz\AppData\Roaming\npm;C:\Users\jtanz\AppData\Local\Yarn\bin

Yarn version: 
  0.24.6

Node version: 
  8.0.0

Platform: 
  win32 x64

npm manifest: 
  {
    "name": "acacia",
    "version": "0.0.0",
    "license": "MIT",
    "scripts": {
      "ng": "ng",
      "start": "ng serve",
      "build": "ng build",
      "test": "ng test",
      "lint": "ng lint",
      "e2e": "ng e2e"
    },
    "private": true,
    "dependencies": {
      "@angular/animations": "^4.0.0",
      "@angular/common": "^4.0.0",
      "@angular/compiler": "^4.0.0",
      "@angular/core": "^4.0.0",
      "@angular/forms": "^4.0.0",
      "@angular/http": "^4.0.0",
      "@angular/platform-browser": "^4.0.0",
      "@angular/platform-browser-dynamic": "^4.0.0",
      "@angular/router": "^4.0.0",
      "core-js": "^2.4.1",
      "rxjs": "^5.1.0",
      "zone.js": "^0.8.4"
    },
    "devDependencies": {
      "@angular/cli": "1.1.1",
      "@angular/compiler-cli": "^4.0.0",
      "@angular/language-service": "^4.0.0",
      "@types/jasmine": "2.5.45",
      "@types/node": "~6.0.60",
      "codelyzer": "~3.0.1",
      "jasmine-core": "~2.6.2",
      "jasmine-spec-reporter": "~4.1.0",
      "karma": "~1.7.0",
      "karma-chrome-launcher": "~2.1.1",
      "karma-cli": "~1.0.1",
      "karma-jasmine": "~1.1.0",
      "karma-jasmine-html-reporter": "^0.2.2",
      "karma-coverage-istanbul-reporter": "^1.2.1",
      "protractor": "~5.1.2",
      "ts-node": "~3.0.4",
      "tslint": "~5.3.2",
      "typescript": "~2.3.3"
    }
  }

yarn manifest: 
  No manifest

Lockfile: 
  # THIS IS AN AUTOGENERATED FILE. DO NOT EDIT THIS FILE DIRECTLY.
  # yarn lockfile v1
  
  
  "@angular/animations@^4.2.2":
    version "4.2.2"
    resolved "https://registry.yarnpkg.com/@angular/animations/-/animations-4.2.2.tgz#4b00dd3414d55cf7a486686c548680c2fc93425e"
    dependencies:
      tslib "^1.7.1"
  
  "@angular/material@^2.0.0-beta.6":
    version "2.0.0-beta.6"
    resolved "https://registry.yarnpkg.com/@angular/material/-/material-2.0.0-beta.6.tgz#83bfdf00f540a8c7db900a1e7b8ed2cff49df821"
    dependencies:
      tslib "^1.7.1"
  
  tslib@^1.7.1:
    version "1.7.1"
    resolved "https://registry.yarnpkg.com/tslib/-/tslib-1.7.1.tgz#bc8004164691923a79fe8378bbeb3da2017538ec"

Trace: 
  Error: getaddrinfo ENOENT registry.yarnpkg.com:443
      at Object.exports._errnoException (util.js:1026:11)
      at errnoException (dns.js:55:15)
      at GetAddrInfoReqWrap.onlookup [as oncomplete] (dns.js:95:26)
